[debug] [2023-06-24T13:26:06.315Z] ----------------------------------------------------------------------
[debug] [2023-06-24T13:26:06.317Z] Command:       C:\Program Files\nodejs\node.exe C:\Users\santi\AppData\Roaming\npm\node_modules\firebase-tools\lib\bin\firebase.js init
[debug] [2023-06-24T13:26:06.317Z] CLI Version:   11.14.4
[debug] [2023-06-24T13:26:06.317Z] Platform:      win32
[debug] [2023-06-24T13:26:06.317Z] Node Version:  v18.7.0
[debug] [2023-06-24T13:26:06.318Z] Time:          Sat Jun 24 2023 15:26:06 GMT+0200 (Central European Summer Time)
[debug] [2023-06-24T13:26:06.318Z] ----------------------------------------------------------------------
[debug] 
[debug] [2023-06-24T13:26:06.325Z] > command requires scopes: ["email","openid","https://www.googleapis.com/auth/cloudplatformprojects.readonly","https://www.googleapis.com/auth/firebase","https://www.googleapis.com/auth/cloud-platform"]
[debug] [2023-06-24T13:26:06.326Z] > authorizing via signed-in user (santiolivet@gmail.com)
[info] 
     ######## #### ########  ######## ########     ###     ######  ########
     ##        ##  ##     ## ##       ##     ##  ##   ##  ##       ##
     ######    ##  ########  ######   ########  #########  ######  ######
     ##        ##  ##    ##  ##       ##     ## ##     ##       ## ##
     ##       #### ##     ## ######## ########  ##     ##  ######  ########

You're about to initialize a Firebase project in this directory:

  C:\Users\santi\OneDrive\Desktop\Codeme\Programming\Projectos para el portfolio\sketchywookieapp-master

[info] 
=== Project Setup
[info] 
[info] First, let's associate this project directory with a Firebase project.
[info] You can create multiple project aliases by running firebase use --add, 
[info] but for now we'll just set up a default project.
[info] 
[debug] [2023-06-24T13:29:43.049Z] > refreshing access token with scopes: []
[debug] [2023-06-24T13:29:43.051Z] >>> [apiv2][query] POST https://www.googleapis.com/oauth2/v3/token [none]
[debug] [2023-06-24T13:29:43.052Z] >>> [apiv2][body] POST https://www.googleapis.com/oauth2/v3/token [omitted]
[debug] [2023-06-24T13:29:43.241Z] <<< [apiv2][status] POST https://www.googleapis.com/oauth2/v3/token 400
[debug] [2023-06-24T13:29:43.241Z] <<< [apiv2][body] POST https://www.googleapis.com/oauth2/v3/token [omitted]
[debug] [2023-06-24T13:29:43.241Z] >>> [apiv2][query] GET https://firebase.googleapis.com/v1beta1/projects pageSize=100
[debug] [2023-06-24T13:29:43.374Z] <<< [apiv2][status] GET https://firebase.googleapis.com/v1beta1/projects 401
[debug] [2023-06-24T13:29:43.374Z] <<< [apiv2][body] GET https://firebase.googleapis.com/v1beta1/projects [omitted]
[debug] [2023-06-24T13:29:43.375Z] HTTP Error: 401, Request had invalid authentication credentials. Expected OAuth 2 access token, login cookie or other valid authentication credential. See https://developers.google.com/identity/sign-in/web/devconsole-project.
[debug] [2023-06-24T13:29:43.501Z] FirebaseError: HTTP Error: 401, Request had invalid authentication credentials. Expected OAuth 2 access token, login cookie or other valid authentication credential. See https://developers.google.com/identity/sign-in/web/devconsole-project.
    at responseToError (C:\Users\santi\AppData\Roaming\npm\node_modules\firebase-tools\lib\responseToError.js:49:12)
    at RetryOperation._fn (C:\Users\santi\AppData\Roaming\npm\node_modules\firebase-tools\lib\apiv2.js:288:77)
    at process.processTicksAndRejections (node:internal/process/task_queues:95:5)
[error] 
[error] Error: Failed to list Firebase projects. See firebase-debug.log for more info.
[debug] [2023-06-24T13:33:18.958Z] ----------------------------------------------------------------------
[debug] [2023-06-24T13:33:18.960Z] Command:       C:\Program Files\nodejs\node.exe C:\Users\santi\AppData\Roaming\npm\node_modules\firebase-tools\lib\bin\firebase.js init
[debug] [2023-06-24T13:33:18.960Z] CLI Version:   11.14.4
[debug] [2023-06-24T13:33:18.961Z] Platform:      win32
[debug] [2023-06-24T13:33:18.961Z] Node Version:  v18.7.0
[debug] [2023-06-24T13:33:18.961Z] Time:          Sat Jun 24 2023 15:33:18 GMT+0200 (Central European Summer Time)
[debug] [2023-06-24T13:33:18.962Z] ----------------------------------------------------------------------
[debug] 
[debug] [2023-06-24T13:33:18.969Z] > command requires scopes: ["email","openid","https://www.googleapis.com/auth/cloudplatformprojects.readonly","https://www.googleapis.com/auth/firebase","https://www.googleapis.com/auth/cloud-platform"]
[debug] [2023-06-24T13:33:18.969Z] > authorizing via signed-in user (santiolivet@gmail.com)
[info] 
     ######## #### ########  ######## ########     ###     ######  ########
     ##        ##  ##     ## ##       ##     ##  ##   ##  ##       ##
     ######    ##  ########  ######   ########  #########  ######  ######
     ##        ##  ##    ##  ##       ##     ## ##     ##       ## ##
     ##       #### ##     ## ######## ########  ##     ##  ######  ########

You're about to initialize a Firebase project in this directory:

  C:\Users\santi\OneDrive\Desktop\Codeme\Programming\Projectos para el portfolio\sketchywookieapp-master

[info] 
=== Project Setup
[info] 
[info] First, let's associate this project directory with a Firebase project.
[info] You can create multiple project aliases by running firebase use --add, 
[info] but for now we'll just set up a default project.
[info] 
[debug] [2023-06-24T13:33:46.182Z] > refreshing access token with scopes: []
[debug] [2023-06-24T13:33:46.184Z] >>> [apiv2][query] POST https://www.googleapis.com/oauth2/v3/token [none]
[debug] [2023-06-24T13:33:46.184Z] >>> [apiv2][body] POST https://www.googleapis.com/oauth2/v3/token [omitted]
[debug] [2023-06-24T13:33:46.394Z] <<< [apiv2][status] POST https://www.googleapis.com/oauth2/v3/token 400
[debug] [2023-06-24T13:33:46.394Z] <<< [apiv2][body] POST https://www.googleapis.com/oauth2/v3/token [omitted]
[debug] [2023-06-24T13:33:46.394Z] >>> [apiv2][query] GET https://firebase.googleapis.com/v1beta1/projects pageSize=100
[debug] [2023-06-24T13:33:46.537Z] <<< [apiv2][status] GET https://firebase.googleapis.com/v1beta1/projects 401
[debug] [2023-06-24T13:33:46.537Z] <<< [apiv2][body] GET https://firebase.googleapis.com/v1beta1/projects [omitted]
[debug] [2023-06-24T13:33:46.538Z] HTTP Error: 401, Request had invalid authentication credentials. Expected OAuth 2 access token, login cookie or other valid authentication credential. See https://developers.google.com/identity/sign-in/web/devconsole-project.
[debug] [2023-06-24T13:33:46.664Z] FirebaseError: HTTP Error: 401, Request had invalid authentication credentials. Expected OAuth 2 access token, login cookie or other valid authentication credential. See https://developers.google.com/identity/sign-in/web/devconsole-project.
    at responseToError (C:\Users\santi\AppData\Roaming\npm\node_modules\firebase-tools\lib\responseToError.js:49:12)
    at RetryOperation._fn (C:\Users\santi\AppData\Roaming\npm\node_modules\firebase-tools\lib\apiv2.js:288:77)
    at process.processTicksAndRejections (node:internal/process/task_queues:95:5)
[error] 
[error] Error: Failed to list Firebase projects. See firebase-debug.log for more info.
[debug] [2023-06-24T13:33:52.263Z] ----------------------------------------------------------------------
[debug] [2023-06-24T13:33:52.265Z] Command:       C:\Program Files\nodejs\node.exe C:\Users\santi\AppData\Roaming\npm\node_modules\firebase-tools\lib\bin\firebase.js init
[debug] [2023-06-24T13:33:52.266Z] CLI Version:   11.14.4
[debug] [2023-06-24T13:33:52.266Z] Platform:      win32
[debug] [2023-06-24T13:33:52.266Z] Node Version:  v18.7.0
[debug] [2023-06-24T13:33:52.267Z] Time:          Sat Jun 24 2023 15:33:52 GMT+0200 (Central European Summer Time)
[debug] [2023-06-24T13:33:52.267Z] ----------------------------------------------------------------------
[debug] 
[debug] [2023-06-24T13:33:52.276Z] > command requires scopes: ["email","openid","https://www.googleapis.com/auth/cloudplatformprojects.readonly","https://www.googleapis.com/auth/firebase","https://www.googleapis.com/auth/cloud-platform"]
[debug] [2023-06-24T13:33:52.277Z] > authorizing via signed-in user (santiolivet@gmail.com)
[info] 
     ######## #### ########  ######## ########     ###     ######  ########
     ##        ##  ##     ## ##       ##     ##  ##   ##  ##       ##
     ######    ##  ########  ######   ########  #########  ######  ######
     ##        ##  ##    ##  ##       ##     ## ##     ##       ## ##
     ##       #### ##     ## ######## ########  ##     ##  ######  ########

You're about to initialize a Firebase project in this directory:

  C:\Users\santi\OneDrive\Desktop\Codeme\Programming\Projectos para el portfolio\sketchywookieapp-master

[info] 
=== Project Setup
[info] 
[info] First, let's associate this project directory with a Firebase project.
[info] You can create multiple project aliases by running firebase use --add, 
[info] but for now we'll just set up a default project.
[info] 
[info] 
=== Hosting Setup
[info] 
[info] Your public directory is the folder (relative to your project directory) that
[info] will contain Hosting assets to be uploaded with firebase deploy. If you
[info] have a build process for your assets, use your build's output directory.
[info] 
